6.7107 	DEBUG 	Fullscreen settings ignored as running in pilot mode.
6.7116 	INFO 	Loaded monitor calibration from ['2024_06_20 16:15']
7.6018 	EXP 	Created window1 = Window(allowGUI=True, allowStencil=False, autoLog=True, backendConf=UNKNOWN, backgroundFit=<method-wrapper '__getattribute__' of attributeSetter object at 0x0000028005978A00>, backgroundImage=<method-wrapper '__getattribute__' of attributeSetter object at 0x0000028005978970>, bitsMode=UNKNOWN, blendMode='avg', bpc=(8, 8, 8), color=array([0, 0, 0]), colorSpace='rgb', depthBits=8, fullscr=<method-wrapper '__getattribute__' of attributeSetter object at 0x00000280059787F0>, gamma=None, gammaErrorPolicy='raise', infoMsg=UNKNOWN, lms=UNKNOWN, monitor=<psychopy.monitors.calibTools.Monitor object at 0x0000028005D608B0>, multiSample=False, name='window1', numSamples=2, pos=[560.0, 240.0], screen=0, size=array([800, 600]), stencilBits=0, stereo=False, title='PsychoPy', units='height', useFBO=True, useRetina=False, viewOri=0.0, viewPos=None, viewScale=None, waitBlanking=True, winType='pyglet')
7.6019 	EXP 	window1: backgroundImage = ''
7.6019 	EXP 	window1: backgroundFit = 'none'
7.6021 	EXP 	window1: mouseVisible = <method-wrapper '__getattribute__' of attributeSetter object at 0x0000028005978B20>
7.6023 	EXP 	window1: mouseVisible = <method-wrapper '__getattribute__' of attributeSetter object at 0x0000028005978B20>
7.6040 	EXP 	window1: mouseVisible = <method-wrapper '__getattribute__' of attributeSetter object at 0x0000028005978B20>
7.6045 	EXP 	window1: mouseVisible = <method-wrapper '__getattribute__' of attributeSetter object at 0x0000028005978B20>
7.6187 	DEBUG 	TextBox2 loaded 1 chars with 0 blanks and 1 valid
7.6201 	DEBUG 	TextBox2 loaded 1 chars with 0 blanks and 1 valid
7.6214 	DEBUG 	TextBox2 loaded 1 chars with 0 blanks and 1 valid
7.6229 	DEBUG 	TextBox2 loaded 1 chars with 0 blanks and 1 valid
7.6244 	DEBUG 	TextBox2 loaded 1 chars with 0 blanks and 1 valid
7.6256 	DEBUG 	TextBox2 loaded 1 chars with 0 blanks and 1 valid
7.6270 	DEBUG 	TextBox2 loaded 1 chars with 0 blanks and 1 valid
7.6286 	DEBUG 	TextBox2 loaded 1 chars with 0 blanks and 1 valid
7.6295 	DEBUG 	TextBox2 loaded 1 chars with 0 blanks and 1 valid
7.6305 	DEBUG 	TextBox2 loaded 1 chars with 0 blanks and 1 valid
7.6321 	DEBUG 	TextBox2 loaded 1 chars with 0 blanks and 1 valid
7.6335 	DEBUG 	TextBox2 loaded 1 chars with 0 blanks and 1 valid
7.6348 	DEBUG 	TextBox2 loaded 1 chars with 0 blanks and 1 valid
7.6362 	DEBUG 	TextBox2 loaded 1 chars with 0 blanks and 1 valid
7.6374 	DEBUG 	TextBox2 loaded 1 chars with 0 blanks and 1 valid
7.6388 	DEBUG 	TextBox2 loaded 1 chars with 0 blanks and 1 valid
7.6402 	DEBUG 	TextBox2 loaded 1 chars with 0 blanks and 1 valid
7.6413 	DEBUG 	TextBox2 loaded 1 chars with 0 blanks and 1 valid
7.6424 	DEBUG 	TextBox2 loaded 1 chars with 0 blanks and 1 valid
7.6440 	DEBUG 	TextBox2 loaded 1 chars with 0 blanks and 1 valid
7.6450 	DEBUG 	TextBox2 loaded 1 chars with 0 blanks and 1 valid
7.6454 	DEBUG 	Uploading Texture Font fontname to graphics card
7.6563 	DEBUG 	Upload of Texture Font fontname complete
7.6579 	EXP 	window1: mouseVisible = <method-wrapper '__getattribute__' of attributeSetter object at 0x0000028005978B20>
7.6580 	EXP 	window1: mouseVisible = <method-wrapper '__getattribute__' of attributeSetter object at 0x0000028005978B20>
7.6587 	EXP 	window1: mouseVisible = <method-wrapper '__getattribute__' of attributeSetter object at 0x0000028005978B20>
7.6592 	EXP 	window1: mouseVisible = <method-wrapper '__getattribute__' of attributeSetter object at 0x0000028005978B20>
7.6731 	DEBUG 	TextBox2 loaded 1 chars with 0 blanks and 1 valid
7.6747 	DEBUG 	TextBox2 loaded 1 chars with 0 blanks and 1 valid
7.6762 	DEBUG 	TextBox2 loaded 1 chars with 0 blanks and 1 valid
7.6765 	DEBUG 	Uploading Texture Font fontname to graphics card
7.6871 	DEBUG 	Upload of Texture Font fontname complete
7.6897 	EXP 	window1: Attempting to measure frame rate of screen (0) ...
7.6897 	EXP 	window1: recordFrameIntervals = False
7.8506 	EXP 	window1: recordFrameIntervals = True
8.0334 	EXP 	Screen (0) actual frame rate measured at 60.32Hz
8.0334 	EXP 	window1: recordFrameIntervals = False
8.0336 	EXP 	window1: mouseVisible = False
8.0344 	EXP 	window1: mouseVisible = False
8.0347 	EXP 	window1: mouseVisible = False
8.0366 	EXP 	window1: mouseVisible = False
8.0384 	EXP 	window1: mouseVisible = False
8.0664 	DEBUG 	TextBox2 loaded 1 chars with 0 blanks and 1 valid
8.0680 	DEBUG 	TextBox2 loaded 1 chars with 0 blanks and 1 valid
8.0699 	DEBUG 	TextBox2 loaded 1 chars with 0 blanks and 1 valid
8.0720 	DEBUG 	TextBox2 loaded 1 chars with 0 blanks and 1 valid
8.0740 	DEBUG 	TextBox2 loaded 1 chars with 0 blanks and 1 valid
8.0759 	DEBUG 	TextBox2 loaded 1 chars with 0 blanks and 1 valid
8.0772 	DEBUG 	TextBox2 loaded 1 chars with 0 blanks and 1 valid
8.0789 	DEBUG 	TextBox2 loaded 1 chars with 0 blanks and 1 valid
8.0808 	DEBUG 	TextBox2 loaded 1 chars with 0 blanks and 1 valid
8.0824 	DEBUG 	TextBox2 loaded 1 chars with 0 blanks and 1 valid
8.0828 	DEBUG 	Uploading Texture Font fontname to graphics card
8.0835 	DEBUG 	Upload of Texture Font fontname complete
8.0853 	EXP 	window1: mouseVisible = False
8.0855 	EXP 	window1: mouseVisible = False
8.0861 	EXP 	window1: mouseVisible = False
8.0867 	EXP 	window1: mouseVisible = False
8.1490 	WARNING 	launchHubServer: If using the iohub mouse or eyetracker devices, fullScr should be True.
11.1737 	INFO 	keyboard.Keyboard is using iohub backend.
11.1738 	EXP 	variables: status = STARTED
11.1739 	EXP 	window1: mouseVisible = False
11.1825 	EXP 	Created image_3 = ImageStim(__class__=<class 'psychopy.visual.image.ImageStim'>, anchor=('center', 'center'), autoLog=True, color=array([1., 1., 1.]), colorSpace='rgb', contrast=1.0, depth=-1.0, draggable=False, flipHoriz=False, flipVert=False, image='default.png', interpolate=True, mask=None, maskParams=None, name='image_3', opacity=1.0, ori=0.0, pos=array([0., 0.]), size=array([0.5, 0.5]), texRes=128.0, units='height', win=Window(...))
0.0190 	DEBUG 	Read excel file with openpyxl: loop1.xlsx
0.0191 	EXP 	Imported loop1.xlsx as conditions, 1 conditions, 1 params
0.0195 	EXP 	Created sequence: random, trialTypes=1, nReps=5, seed=None
0.0196 	EXP 	New trial (rep=0, index=0): {'which_image': 'cat1.jpg'}
0.0330 	EXP 	window1: mouseVisible = True
0.0444 	DEBUG 	Saving data for variables ExperimentHandler
0.0453 	INFO 	saved data to C:\Users\matt\gits\coding-psychopy-2024\demos\variables\data/680719_variables_2024-07-18_15h14.17.913.psydat
0.0475 	INFO 	saved data to 'C:\\Users\\matt\\gits\\coding-psychopy-2024\\demos\\variables\\data/680719_variables_2024-07-18_15h14.17.913.csv'
