8.1362 	DEBUG 	Fullscreen settings ignored as running in pilot mode.
8.1371 	INFO 	Loaded monitor calibration from ['2024_06_20 16:15']
9.0675 	EXP 	Created window1 = Window(allowGUI=True, allowStencil=False, autoLog=True, backendConf=UNKNOWN, backgroundFit=<method-wrapper '__getattribute__' of attributeSetter object at 0x000001EE746F9400>, backgroundImage=<method-wrapper '__getattribute__' of attributeSetter object at 0x000001EE746F93A0>, bitsMode=UNKNOWN, blendMode='avg', bpc=(8, 8, 8), color=array([0, 0, 0]), colorSpace='rgb', depthBits=8, fullscr=<method-wrapper '__getattribute__' of attributeSetter object at 0x000001EE746F91C0>, gamma=None, gammaErrorPolicy='raise', infoMsg=UNKNOWN, lms=UNKNOWN, monitor=<psychopy.monitors.calibTools.Monitor object at 0x000001EE74AE0310>, multiSample=False, name='window1', numSamples=2, pos=[560.0, 240.0], screen=0, size=array([800, 600]), stencilBits=0, stereo=False, title='PsychoPy', units='height', useFBO=True, useRetina=False, viewOri=0.0, viewPos=None, viewScale=None, waitBlanking=True, winType='pyglet')
9.0675 	EXP 	window1: backgroundImage = ''
9.0675 	EXP 	window1: backgroundFit = 'none'
9.0677 	EXP 	window1: mouseVisible = <method-wrapper '__getattribute__' of attributeSetter object at 0x000001EE746F9520>
9.0679 	EXP 	window1: mouseVisible = <method-wrapper '__getattribute__' of attributeSetter object at 0x000001EE746F9520>
9.0702 	EXP 	window1: mouseVisible = <method-wrapper '__getattribute__' of attributeSetter object at 0x000001EE746F9520>
9.0708 	EXP 	window1: mouseVisible = <method-wrapper '__getattribute__' of attributeSetter object at 0x000001EE746F9520>
9.0851 	DEBUG 	TextBox2 loaded 1 chars with 0 blanks and 1 valid
9.0867 	DEBUG 	TextBox2 loaded 1 chars with 0 blanks and 1 valid
9.0881 	DEBUG 	TextBox2 loaded 1 chars with 0 blanks and 1 valid
9.0896 	DEBUG 	TextBox2 loaded 1 chars with 0 blanks and 1 valid
9.0911 	DEBUG 	TextBox2 loaded 1 chars with 0 blanks and 1 valid
9.0922 	DEBUG 	TextBox2 loaded 1 chars with 0 blanks and 1 valid
9.0935 	DEBUG 	TextBox2 loaded 1 chars with 0 blanks and 1 valid
9.0951 	DEBUG 	TextBox2 loaded 1 chars with 0 blanks and 1 valid
9.0960 	DEBUG 	TextBox2 loaded 1 chars with 0 blanks and 1 valid
9.0970 	DEBUG 	TextBox2 loaded 1 chars with 0 blanks and 1 valid
9.0984 	DEBUG 	TextBox2 loaded 1 chars with 0 blanks and 1 valid
9.0998 	DEBUG 	TextBox2 loaded 1 chars with 0 blanks and 1 valid
9.1011 	DEBUG 	TextBox2 loaded 1 chars with 0 blanks and 1 valid
9.1025 	DEBUG 	TextBox2 loaded 1 chars with 0 blanks and 1 valid
9.1038 	DEBUG 	TextBox2 loaded 1 chars with 0 blanks and 1 valid
9.1051 	DEBUG 	TextBox2 loaded 1 chars with 0 blanks and 1 valid
9.1065 	DEBUG 	TextBox2 loaded 1 chars with 0 blanks and 1 valid
9.1076 	DEBUG 	TextBox2 loaded 1 chars with 0 blanks and 1 valid
9.1086 	DEBUG 	TextBox2 loaded 1 chars with 0 blanks and 1 valid
9.1102 	DEBUG 	TextBox2 loaded 1 chars with 0 blanks and 1 valid
9.1113 	DEBUG 	TextBox2 loaded 1 chars with 0 blanks and 1 valid
9.1116 	DEBUG 	Uploading Texture Font fontname to graphics card
9.1224 	DEBUG 	Upload of Texture Font fontname complete
9.1239 	EXP 	window1: mouseVisible = <method-wrapper '__getattribute__' of attributeSetter object at 0x000001EE746F9520>
9.1240 	EXP 	window1: mouseVisible = <method-wrapper '__getattribute__' of attributeSetter object at 0x000001EE746F9520>
9.1247 	EXP 	window1: mouseVisible = <method-wrapper '__getattribute__' of attributeSetter object at 0x000001EE746F9520>
9.1252 	EXP 	window1: mouseVisible = <method-wrapper '__getattribute__' of attributeSetter object at 0x000001EE746F9520>
9.1383 	DEBUG 	TextBox2 loaded 1 chars with 0 blanks and 1 valid
9.1399 	DEBUG 	TextBox2 loaded 1 chars with 0 blanks and 1 valid
9.1414 	DEBUG 	TextBox2 loaded 1 chars with 0 blanks and 1 valid
9.1417 	DEBUG 	Uploading Texture Font fontname to graphics card
9.1512 	DEBUG 	Upload of Texture Font fontname complete
9.1533 	EXP 	window1: Attempting to measure frame rate of screen (0) ...
9.1534 	EXP 	window1: recordFrameIntervals = False
9.3217 	EXP 	window1: recordFrameIntervals = True
9.5039 	EXP 	Screen (0) actual frame rate measured at 59.97Hz
9.5039 	EXP 	window1: recordFrameIntervals = False
9.5041 	EXP 	window1: mouseVisible = False
9.5044 	EXP 	window1: mouseVisible = False
9.5046 	EXP 	window1: mouseVisible = False
9.5052 	EXP 	window1: mouseVisible = False
9.5058 	EXP 	window1: mouseVisible = False
9.5206 	DEBUG 	TextBox2 loaded 1 chars with 0 blanks and 1 valid
9.5220 	DEBUG 	TextBox2 loaded 1 chars with 0 blanks and 1 valid
9.5237 	DEBUG 	TextBox2 loaded 1 chars with 0 blanks and 1 valid
9.5261 	DEBUG 	TextBox2 loaded 1 chars with 0 blanks and 1 valid
9.5286 	DEBUG 	TextBox2 loaded 1 chars with 0 blanks and 1 valid
9.5304 	DEBUG 	TextBox2 loaded 1 chars with 0 blanks and 1 valid
9.5317 	DEBUG 	TextBox2 loaded 1 chars with 0 blanks and 1 valid
9.5334 	DEBUG 	TextBox2 loaded 1 chars with 0 blanks and 1 valid
9.5359 	DEBUG 	TextBox2 loaded 1 chars with 0 blanks and 1 valid
9.5386 	DEBUG 	TextBox2 loaded 1 chars with 0 blanks and 1 valid
9.5391 	DEBUG 	Uploading Texture Font fontname to graphics card
9.5397 	DEBUG 	Upload of Texture Font fontname complete
9.5427 	EXP 	window1: mouseVisible = False
9.5429 	EXP 	window1: mouseVisible = False
9.5440 	EXP 	window1: mouseVisible = False
9.5447 	EXP 	window1: mouseVisible = False
9.6105 	WARNING 	launchHubServer: If using the iohub mouse or eyetracker devices, fullScr should be True.
12.8481 	INFO 	keyboard.Keyboard is using iohub backend.
12.8481 	EXP 	variables: status = STARTED
12.8483 	EXP 	window1: mouseVisible = False
12.8547 	EXP 	Created image_3 = ImageStim(__class__=<class 'psychopy.visual.image.ImageStim'>, anchor=('center', 'center'), autoLog=True, color=array([1., 1., 1.]), colorSpace='rgb', contrast=1.0, depth=-1.0, draggable=False, flipHoriz=False, flipVert=False, image='default.png', interpolate=True, mask=None, maskParams=None, name='image_3', opacity=1.0, ori=0.0, pos=array([0., 0.]), size=array([0.5, 0.5]), texRes=128.0, units='height', win=Window(...))
0.0196 	DEBUG 	Read excel file with openpyxl: loop1.xlsx
0.0197 	EXP 	Imported loop1.xlsx as conditions, 1 conditions, 1 params
0.0201 	EXP 	Created sequence: random, trialTypes=1, nReps=5, seed=None
0.0203 	EXP 	New trial (rep=0, index=0): {'which_image': 'cat1.jpg'}
0.0299 	EXP 	window1: mouseVisible = True
0.0321 	DEBUG 	Saving data for variables ExperimentHandler
0.0343 	INFO 	saved data to C:\Users\matt\gits\coding-psychopy-2024\demos\variables\data/881675_variables_2024-07-18_15h13.34.683.psydat
0.0354 	INFO 	saved data to 'C:\\Users\\matt\\gits\\coding-psychopy-2024\\demos\\variables\\data/881675_variables_2024-07-18_15h13.34.683.csv'
